

================================================================
== Vivado HLS Report for 'example'
================================================================
* Date:           Fri Dec 11 14:09:09 2020

* Version:        2019.2 (Build 2704478 on Wed Nov 06 22:10:23 MST 2019)
* Project:        proj_stable_content
* Solution:       No_data_flow
* Product family: virtexuplus
* Target device:  xcvu9p-flga2104-2-i


================================================================
== Performance Estimates
================================================================
+ Timing: 
    * Summary: 
    +--------+----------+----------+------------+
    |  Clock |  Target  | Estimated| Uncertainty|
    +--------+----------+----------+------------+
    |ap_clk  | 13.33 ns | 3.512 ns |   1.67 ns  |
    +--------+----------+----------+------------+

+ Latency: 
    * Summary: 
    +---------+---------+----------+----------+-----+-----+---------+
    |  Latency (cycles) |  Latency (absolute) |  Interval | Pipeline|
    |   min   |   max   |    min   |    max   | min | max |   Type  |
    +---------+---------+----------+----------+-----+-----+---------+
    |       42|       42| 0.560 us | 0.560 us |   42|   42|   none  |
    +---------+---------+----------+----------+-----+-----+---------+

    + Detail: 
        * Instance: 
        +---------------------+----------+---------+---------+----------+----------+-----+-----+----------+
        |                     |          |  Latency (cycles) |  Latency (absolute) |  Interval | Pipeline |
        |       Instance      |  Module  |   min   |   max   |    min   |    max   | min | max |   Type   |
        +---------------------+----------+---------+---------+----------+----------+-----+-----+----------+
        |grp_readmemB_fu_113  |readmemB  |       10|       10| 0.133 us | 0.133 us |   10|   10| function |
        |grp_readmemA_fu_121  |readmemA  |       11|       11| 0.147 us | 0.147 us |   10|   10| function |
        +---------------------+----------+---------+---------+----------+----------+-----+-----+----------+

        * Loop: 
        +----------+---------+---------+----------+-----------+-----------+------+----------+
        |          |  Latency (cycles) | Iteration|  Initiation Interval  | Trip |          |
        | Loop Name|   min   |   max   |  Latency |  achieved |   target  | Count| Pipelined|
        +----------+---------+---------+----------+-----------+-----------+------+----------+
        |- load    |       10|       10|         2|          1|          1|    10|    yes   |
        +----------+---------+---------+----------+-----------+-----------+------+----------+



================================================================
== Utilization Estimates
================================================================
* Summary: 
+---------------------+---------+-------+---------+---------+-----+
|         Name        | BRAM_18K| DSP48E|    FF   |   LUT   | URAM|
+---------------------+---------+-------+---------+---------+-----+
|DSP                  |        -|      -|        -|        -|    -|
|Expression           |        -|      -|        0|       23|    -|
|FIFO                 |        0|      -|        5|       44|    -|
|Instance             |        -|      -|      450|     1013|    -|
|Memory               |        1|      -|        0|        0|    0|
|Multiplexer          |        -|      -|        -|      279|    -|
|Register             |        -|      -|       46|        -|    -|
+---------------------+---------+-------+---------+---------+-----+
|Total                |        1|      0|      501|     1359|    0|
+---------------------+---------+-------+---------+---------+-----+
|Available SLR        |     1440|   2280|   788160|   394080|  320|
+---------------------+---------+-------+---------+---------+-----+
|Utilization SLR (%)  |    ~0   |      0|    ~0   |    ~0   |    0|
+---------------------+---------+-------+---------+---------+-----+
|Available            |     4320|   6840|  2364480|  1182240|  960|
+---------------------+---------+-------+---------+---------+-----+
|Utilization (%)      |    ~0   |      0|    ~0   |    ~0   |    0|
+---------------------+---------+-------+---------+---------+-----+

+ Detail: 
    * Instance: 
    +---------------------+----------+---------+-------+-----+-----+-----+
    |       Instance      |  Module  | BRAM_18K| DSP48E|  FF | LUT | URAM|
    +---------------------+----------+---------+-------+-----+-----+-----+
    |grp_readmemA_fu_121  |readmemA  |        0|      0|   86|  221|    0|
    |grp_readmemB_fu_113  |readmemB  |        0|      0|  364|  792|    0|
    +---------------------+----------+---------+-------+-----+-----+-----+
    |Total                |          |        0|      0|  450| 1013|    0|
    +---------------------+----------+---------+-------+-----+-----+-----+

    * DSP48E: 
    N/A

    * Memory: 
    +-------+------------+---------+---+----+-----+------+-----+------+-------------+
    | Memory|   Module   | BRAM_18K| FF| LUT| URAM| Words| Bits| Banks| W*Bits*Banks|
    +-------+------------+---------+---+----+-----+------+-----+------+-------------+
    |tb_U   |example_tb  |        1|  0|   0|    0|    10|   32|     1|          320|
    +-------+------------+---------+---+----+-----+------+-----+------+-------------+
    |Total  |            |        1|  0|   0|    0|    10|   32|     1|          320|
    +-------+------------+---------+---+----+-----+------+-----+------+-------------+

    * FIFO: 
    +-------------------+---------+---+----+-----+------+-----+---------+
    |        Name       | BRAM_18K| FF| LUT| URAM| Depth| Bits| Size:D*B|
    +-------------------+---------+---+----+-----+------+-----+---------+
    |req_strm_V_fifo_U  |        0|  5|   0|    -|     4|   32|      128|
    +-------------------+---------+---+----+-----+------+-----+---------+
    |Total              |        0|  5|   0|    0|     4|   32|      128|
    +-------------------+---------+---+----+-----+------+-----+---------+

    * Expression: 
    +----------------------------------+----------+-------+---+----+------------+------------+
    |           Variable Name          | Operation| DSP48E| FF| LUT| Bitwidth P0| Bitwidth P1|
    +----------------------------------+----------+-------+---+----+------------+------------+
    |i_fu_135_p2                       |     +    |      0|  0|   6|           4|           1|
    |ap_block_pp0_stage0_11001         |    and   |      0|  0|   2|           1|           1|
    |ap_block_state3_pp0_stage0_iter1  |    and   |      0|  0|   2|           1|           1|
    |icmp_ln69_fu_129_p2               |   icmp   |      0|  0|   9|           4|           4|
    |ap_enable_pp0                     |    xor   |      0|  0|   2|           1|           2|
    |ap_enable_reg_pp0_iter1           |    xor   |      0|  0|   2|           2|           1|
    +----------------------------------+----------+-------+---+----+------------+------------+
    |Total                             |          |      0|  0|  23|          13|          10|
    +----------------------------------+----------+-------+---+----+------------+------------+

    * Multiplexer: 
    +--------------------------------+-----+-----------+-----+-----------+
    |              Name              | LUT | Input Size| Bits| Total Bits|
    +--------------------------------+-----+-----------+-----+-----------+
    |ap_NS_fsm                       |  153|         34|    1|         34|
    |ap_enable_reg_pp0_iter1         |   15|          3|    1|          3|
    |ap_phi_mux_i_0_i_phi_fu_105_p4  |    9|          2|    4|          8|
    |i_0_i_reg_101                   |    9|          2|    4|          8|
    |in1_strm_V_blk_n                |    9|          2|    1|          2|
    |in2_strm_V_blk_n                |    9|          2|    1|          2|
    |in2_strm_V_read                 |    9|          2|    1|          2|
    |out_strm_V_blk_n                |    9|          2|    1|          2|
    |out_strm_V_write                |    9|          2|    1|          2|
    |req_strm_V_read                 |    9|          2|    1|          2|
    |req_strm_V_write                |    9|          2|    1|          2|
    |tb_address0                     |   15|          3|    4|         12|
    |tb_ce0                          |   15|          3|    1|          3|
    +--------------------------------+-----+-----------+-----+-----------+
    |Total                           |  279|         61|   22|         82|
    +--------------------------------+-----+-----------+-----+-----------+

    * Register: 
    +----------------------------------+----+----+-----+-----------+
    |               Name               | FF | LUT| Bits| Const Bits|
    +----------------------------------+----+----+-----+-----------+
    |ap_CS_fsm                         |  33|   0|   33|          0|
    |ap_enable_reg_pp0_iter0           |   1|   0|    1|          0|
    |ap_enable_reg_pp0_iter1           |   1|   0|    1|          0|
    |grp_readmemA_fu_121_ap_start_reg  |   1|   0|    1|          0|
    |grp_readmemB_fu_113_ap_start_reg  |   1|   0|    1|          0|
    |i_0_i_reg_101                     |   4|   0|    4|          0|
    |i_reg_156                         |   4|   0|    4|          0|
    |icmp_ln69_reg_152                 |   1|   0|    1|          0|
    +----------------------------------+----+----+-----+-----------+
    |Total                             |  46|   0|   46|          0|
    +----------------------------------+----+----+-----+-----------+



================================================================
== Interface
================================================================
* Summary: 
+--------------------+-----+-----+------------+--------------+--------------+
|      RTL Ports     | Dir | Bits|  Protocol  | Source Object|    C Type    |
+--------------------+-----+-----+------------+--------------+--------------+
|ap_clk              |  in |    1| ap_ctrl_hs |    example   | return value |
|ap_rst              |  in |    1| ap_ctrl_hs |    example   | return value |
|ap_start            |  in |    1| ap_ctrl_hs |    example   | return value |
|ap_done             | out |    1| ap_ctrl_hs |    example   | return value |
|ap_idle             | out |    1| ap_ctrl_hs |    example   | return value |
|ap_ready            | out |    1| ap_ctrl_hs |    example   | return value |
|in1_strm_V_dout     |  in |   32|   ap_fifo  |  in1_strm_V  |    pointer   |
|in1_strm_V_empty_n  |  in |    1|   ap_fifo  |  in1_strm_V  |    pointer   |
|in1_strm_V_read     | out |    1|   ap_fifo  |  in1_strm_V  |    pointer   |
|in2_strm_V_dout     |  in |   32|   ap_fifo  |  in2_strm_V  |    pointer   |
|in2_strm_V_empty_n  |  in |    1|   ap_fifo  |  in2_strm_V  |    pointer   |
|in2_strm_V_read     | out |    1|   ap_fifo  |  in2_strm_V  |    pointer   |
|out_strm_V_din      | out |   32|   ap_fifo  |  out_strm_V  |    pointer   |
|out_strm_V_full_n   |  in |    1|   ap_fifo  |  out_strm_V  |    pointer   |
|out_strm_V_write    | out |    1|   ap_fifo  |  out_strm_V  |    pointer   |
+--------------------+-----+-----+------------+--------------+--------------+

