

================================================================
== Vivado HLS Report for 'readmemB'
================================================================
* Date:           Sat Dec 12 22:34:57 2020

* Version:        2019.2 (Build 2704478 on Wed Nov 06 22:10:23 MST 2019)
* Project:        proj_stable_content
* Solution:       no_pipeline
* Product family: virtexuplus
* Target device:  xcvu9p-flga2104-2-i


================================================================
== Performance Estimates
================================================================
+ Timing: 
    * Summary: 
    +--------+----------+----------+------------+
    |  Clock |  Target  | Estimated| Uncertainty|
    +--------+----------+----------+------------+
    |ap_clk  | 13.33 ns | 2.616 ns |   1.67 ns  |
    +--------+----------+----------+------------+

+ Latency: 
    * Summary: 
    +---------+---------+----------+----------+-----+-----+---------+
    |  Latency (cycles) |  Latency (absolute) |  Interval | Pipeline|
    |   min   |   max   |    min   |    max   | min | max |   Type  |
    +---------+---------+----------+----------+-----+-----+---------+
    |       21|       21| 0.280 us | 0.280 us |   21|   21|   none  |
    +---------+---------+----------+----------+-----+-----+---------+

    + Detail: 
        * Instance: 
        N/A

        * Loop: 
        +----------+---------+---------+----------+-----------+-----------+------+----------+
        |          |  Latency (cycles) | Iteration|  Initiation Interval  | Trip |          |
        | Loop Name|   min   |   max   |  Latency |  achieved |   target  | Count| Pipelined|
        +----------+---------+---------+----------+-----------+-----------+------+----------+
        |- B       |       20|       20|         2|          -|          -|    10|    no    |
        +----------+---------+---------+----------+-----------+-----------+------+----------+



================================================================
== Utilization Estimates
================================================================
* Summary: 
+---------------------+---------+-------+---------+---------+-----+
|         Name        | BRAM_18K| DSP48E|    FF   |   LUT   | URAM|
+---------------------+---------+-------+---------+---------+-----+
|DSP                  |        -|      -|        -|        -|    -|
|Expression           |        -|      -|        0|      103|    -|
|FIFO                 |        -|      -|        -|        -|    -|
|Instance             |        -|      -|        -|        -|    -|
|Memory               |        -|      -|        -|        -|    -|
|Multiplexer          |        -|      -|        -|       66|    -|
|Register             |        -|      -|       45|        -|    -|
+---------------------+---------+-------+---------+---------+-----+
|Total                |        0|      0|       45|      169|    0|
+---------------------+---------+-------+---------+---------+-----+
|Available SLR        |     1440|   2280|   788160|   394080|  320|
+---------------------+---------+-------+---------+---------+-----+
|Utilization SLR (%)  |        0|      0|    ~0   |    ~0   |    0|
+---------------------+---------+-------+---------+---------+-----+
|Available            |     4320|   6840|  2364480|  1182240|  960|
+---------------------+---------+-------+---------+---------+-----+
|Utilization (%)      |        0|      0|    ~0   |    ~0   |    0|
+---------------------+---------+-------+---------+---------+-----+

+ Detail: 
    * Instance: 
    N/A

    * DSP48E: 
    N/A

    * Memory: 
    N/A

    * FIFO: 
    N/A

    * Expression: 
    +---------------------+----------+-------+---+----+------------+------------+
    |    Variable Name    | Operation| DSP48E| FF| LUT| Bitwidth P0| Bitwidth P1|
    +---------------------+----------+-------+---+----+------------+------------+
    |i_fu_130_p2          |     +    |      0|  0|   6|           4|           1|
    |sum_fu_147_p2        |     +    |      0|  0|  32|          32|          32|
    |icmp_ln42_fu_124_p2  |   icmp   |      0|  0|   9|           4|           4|
    |icmp_ln45_fu_136_p2  |   icmp   |      0|  0|  20|          32|           1|
    |ap_block_state1      |    or    |      0|  0|   2|           1|           1|
    |ap_block_state2      |    or    |      0|  0|   2|           1|           1|
    |sum_1_fu_153_p3      |  select  |      0|  0|  32|           1|          32|
    +---------------------+----------+-------+---+----+------------+------------+
    |Total                |          |      0|  0| 103|          75|          72|
    +---------------------+----------+-------+---+----+------------+------------+

    * Multiplexer: 
    +------------------+----+-----------+-----+-----------+
    |       Name       | LUT| Input Size| Bits| Total Bits|
    +------------------+----+-----------+-----+-----------+
    |ap_NS_fsm         |  21|          4|    1|          4|
    |ap_done           |   9|          2|    1|          2|
    |i_0_reg_113       |   9|          2|    4|          8|
    |out_strm_V_blk_n  |   9|          2|    1|          2|
    |req_strm_V_blk_n  |   9|          2|    1|          2|
    |tmp_reg_100       |   9|          2|   32|         64|
    +------------------+----+-----------+-----+-----------+
    |Total             |  66|         14|   40|         82|
    +------------------+----+-----------+-----+-----------+

    * Register: 
    +-------------------+----+----+-----+-----------+
    |        Name       | FF | LUT| Bits| Const Bits|
    +-------------------+----+----+-----+-----------+
    |ap_CS_fsm          |   3|   0|    3|          0|
    |ap_done_reg        |   1|   0|    1|          0|
    |i_0_reg_113        |   4|   0|    4|          0|
    |i_reg_163          |   4|   0|    4|          0|
    |icmp_ln45_reg_168  |   1|   0|    1|          0|
    |tmp_reg_100        |  32|   0|   32|          0|
    +-------------------+----+----+-----+-----------+
    |Total              |  45|   0|   45|          0|
    +-------------------+----+----+-----+-----------+



================================================================
== Interface
================================================================
* Summary: 
+--------------------+-----+-----+------------+--------------+--------------+
|      RTL Ports     | Dir | Bits|  Protocol  | Source Object|    C Type    |
+--------------------+-----+-----+------------+--------------+--------------+
|ap_clk              |  in |    1| ap_ctrl_hs |   readmemB   | return value |
|ap_rst              |  in |    1| ap_ctrl_hs |   readmemB   | return value |
|ap_start            |  in |    1| ap_ctrl_hs |   readmemB   | return value |
|ap_done             | out |    1| ap_ctrl_hs |   readmemB   | return value |
|ap_continue         |  in |    1| ap_ctrl_hs |   readmemB   | return value |
|ap_idle             | out |    1| ap_ctrl_hs |   readmemB   | return value |
|ap_ready            | out |    1| ap_ctrl_hs |   readmemB   | return value |
|req_strm_V_dout     |  in |   32|   ap_fifo  |  req_strm_V  |    pointer   |
|req_strm_V_empty_n  |  in |    1|   ap_fifo  |  req_strm_V  |    pointer   |
|req_strm_V_read     | out |    1|   ap_fifo  |  req_strm_V  |    pointer   |
|out_strm_V_din      | out |   32|   ap_fifo  |  out_strm_V  |    pointer   |
|out_strm_V_full_n   |  in |    1|   ap_fifo  |  out_strm_V  |    pointer   |
|out_strm_V_write    | out |    1|   ap_fifo  |  out_strm_V  |    pointer   |
|tb_address1         | out |    4|  ap_memory |      tb      |     array    |
|tb_ce1              | out |    1|  ap_memory |      tb      |     array    |
|tb_q1               |  in |   32|  ap_memory |      tb      |     array    |
+--------------------+-----+-----+------------+--------------+--------------+

