

================================================================
== Vivado HLS Report for 'example'
================================================================
* Date:           Sun Dec 13 00:48:46 2020

* Version:        2019.2 (Build 2704478 on Wed Nov 06 22:10:23 MST 2019)
* Project:        proj_stable_content
* Solution:       merge_no_data_flow
* Product family: virtexuplus
* Target device:  xcvu9p-flga2104-2-i


================================================================
== Performance Estimates
================================================================
+ Timing: 
    * Summary: 
    +--------+----------+----------+------------+
    |  Clock |  Target  | Estimated| Uncertainty|
    +--------+----------+----------+------------+
    |ap_clk  | 13.33 ns | 2.616 ns |   1.67 ns  |
    +--------+----------+----------+------------+

+ Latency: 
    * Summary: 
    +---------+---------+----------+----------+-----+-----+---------+
    |  Latency (cycles) |  Latency (absolute) |  Interval | Pipeline|
    |   min   |   max   |    min   |    max   | min | max |   Type  |
    +---------+---------+----------+----------+-----+-----+---------+
    |       25|       25| 0.333 us | 0.333 us |   25|   25|   none  |
    +---------+---------+----------+----------+-----+-----+---------+

    + Detail: 
        * Instance: 
        N/A

        * Loop: 
        +----------+---------+---------+----------+-----------+-----------+------+----------+
        |          |  Latency (cycles) | Iteration|  Initiation Interval  | Trip |          |
        | Loop Name|   min   |   max   |  Latency |  achieved |   target  | Count| Pipelined|
        +----------+---------+---------+----------+-----------+-----------+------+----------+
        |- load    |       10|       10|         2|          1|          1|    10|    yes   |
        |- Loop 2  |       11|       11|         3|          1|          1|    10|    yes   |
        +----------+---------+---------+----------+-----------+-----------+------+----------+



================================================================
== Utilization Estimates
================================================================
* Summary: 
+---------------------+---------+-------+---------+---------+-----+
|         Name        | BRAM_18K| DSP48E|    FF   |   LUT   | URAM|
+---------------------+---------+-------+---------+---------+-----+
|DSP                  |        -|      -|        -|        -|    -|
|Expression           |        -|      -|        0|      152|    -|
|FIFO                 |        -|      -|        -|        -|    -|
|Instance             |        -|      -|        -|        -|    -|
|Memory               |        1|      -|        0|        0|    0|
|Multiplexer          |        -|      -|        -|      129|    -|
|Register             |        -|      -|       58|        -|    -|
+---------------------+---------+-------+---------+---------+-----+
|Total                |        1|      0|       58|      281|    0|
+---------------------+---------+-------+---------+---------+-----+
|Available SLR        |     1440|   2280|   788160|   394080|  320|
+---------------------+---------+-------+---------+---------+-----+
|Utilization SLR (%)  |    ~0   |      0|    ~0   |    ~0   |    0|
+---------------------+---------+-------+---------+---------+-----+
|Available            |     4320|   6840|  2364480|  1182240|  960|
+---------------------+---------+-------+---------+---------+-----+
|Utilization (%)      |    ~0   |      0|    ~0   |    ~0   |    0|
+---------------------+---------+-------+---------+---------+-----+

+ Detail: 
    * Instance: 
    N/A

    * DSP48E: 
    N/A

    * Memory: 
    +-------+------------+---------+---+----+-----+------+-----+------+-------------+
    | Memory|   Module   | BRAM_18K| FF| LUT| URAM| Words| Bits| Banks| W*Bits*Banks|
    +-------+------------+---------+---+----+-----+------+-----+------+-------------+
    |tb_U   |example_tb  |        1|  0|   0|    0|    10|   32|     1|          320|
    +-------+------------+---------+---+----+-----+------+-----+------+-------------+
    |Total  |            |        1|  0|   0|    0|    10|   32|     1|          320|
    +-------+------------+---------+---+----+-----+------+-----+------+-------------+

    * FIFO: 
    N/A

    * Expression: 
    +----------------------------------+----------+-------+---+----+------------+------------+
    |           Variable Name          | Operation| DSP48E| FF| LUT| Bitwidth P0| Bitwidth P1|
    +----------------------------------+----------+-------+---+----+------------+------------+
    |i_1_fu_208_p2                     |     +    |      0|  0|   6|           4|           1|
    |i_fu_191_p2                       |     +    |      0|  0|   6|           4|           1|
    |sum_fu_236_p2                     |     +    |      0|  0|  32|          32|          32|
    |ap_block_pp0_stage0_11001         |    and   |      0|  0|   2|           1|           1|
    |ap_block_pp1_stage0_11001         |    and   |      0|  0|   2|           1|           1|
    |ap_block_state3_pp0_stage0_iter1  |    and   |      0|  0|   2|           1|           1|
    |ap_block_state6_pp1_stage0_iter1  |    and   |      0|  0|   2|           1|           1|
    |icmp_ln21_fu_202_p2               |   icmp   |      0|  0|   9|           4|           4|
    |icmp_ln26_1_fu_219_p2             |   icmp   |      0|  0|  20|          32|           1|
    |icmp_ln26_fu_225_p2               |   icmp   |      0|  0|  20|          32|           4|
    |icmp_ln92_fu_185_p2               |   icmp   |      0|  0|   9|           4|           4|
    |or_ln26_fu_231_p2                 |    or    |      0|  0|   2|           1|           1|
    |tmp_2_fu_242_p3                   |  select  |      0|  0|  32|           1|          32|
    |ap_enable_pp0                     |    xor   |      0|  0|   2|           1|           2|
    |ap_enable_pp1                     |    xor   |      0|  0|   2|           1|           2|
    |ap_enable_reg_pp0_iter1           |    xor   |      0|  0|   2|           2|           1|
    |ap_enable_reg_pp1_iter1           |    xor   |      0|  0|   2|           2|           1|
    +----------------------------------+----------+-------+---+----+------------+------------+
    |Total                             |          |      0|  0| 152|         124|          90|
    +----------------------------------+----------+-------+---+----+------------+------------+

    * Multiplexer: 
    +--------------------------------+----+-----------+-----+-----------+
    |              Name              | LUT| Input Size| Bits| Total Bits|
    +--------------------------------+----+-----------+-----+-----------+
    |ap_NS_fsm                       |  33|          6|    1|          6|
    |ap_enable_reg_pp0_iter1         |  15|          3|    1|          3|
    |ap_enable_reg_pp1_iter1         |   9|          2|    1|          2|
    |ap_enable_reg_pp1_iter2         |   9|          2|    1|          2|
    |ap_phi_mux_i_0_i_phi_fu_153_p4  |   9|          2|    4|          8|
    |i_0_i_i_reg_174                 |   9|          2|    4|          8|
    |i_0_i_reg_149                   |   9|          2|    4|          8|
    |in1_strm_V_blk_n                |   9|          2|    1|          2|
    |in2_strm_V_blk_n                |   9|          2|    1|          2|
    |out_strm_V_blk_n                |   9|          2|    1|          2|
    |tmp_reg_161                     |   9|          2|   32|         64|
    +--------------------------------+----+-----------+-----+-----------+
    |Total                           | 129|         27|   51|        107|
    +--------------------------------+----+-----------+-----+-----------+

    * Register: 
    +---------------------------------+----+----+-----+-----------+
    |               Name              | FF | LUT| Bits| Const Bits|
    +---------------------------------+----+----+-----+-----------+
    |ap_CS_fsm                        |   5|   0|    5|          0|
    |ap_enable_reg_pp0_iter0          |   1|   0|    1|          0|
    |ap_enable_reg_pp0_iter1          |   1|   0|    1|          0|
    |ap_enable_reg_pp1_iter0          |   1|   0|    1|          0|
    |ap_enable_reg_pp1_iter1          |   1|   0|    1|          0|
    |ap_enable_reg_pp1_iter2          |   1|   0|    1|          0|
    |i_0_i_i_reg_174                  |   4|   0|    4|          0|
    |i_0_i_reg_149                    |   4|   0|    4|          0|
    |i_reg_254                        |   4|   0|    4|          0|
    |icmp_ln21_reg_259                |   1|   0|    1|          0|
    |icmp_ln21_reg_259_pp1_iter1_reg  |   1|   0|    1|          0|
    |icmp_ln26_1_reg_273              |   1|   0|    1|          0|
    |icmp_ln92_reg_250                |   1|   0|    1|          0|
    |tmp_reg_161                      |  32|   0|   32|          0|
    +---------------------------------+----+----+-----+-----------+
    |Total                            |  58|   0|   58|          0|
    +---------------------------------+----+----+-----+-----------+



================================================================
== Interface
================================================================
* Summary: 
+--------------------+-----+-----+------------+--------------+--------------+
|      RTL Ports     | Dir | Bits|  Protocol  | Source Object|    C Type    |
+--------------------+-----+-----+------------+--------------+--------------+
|ap_clk              |  in |    1| ap_ctrl_hs |    example   | return value |
|ap_rst              |  in |    1| ap_ctrl_hs |    example   | return value |
|ap_start            |  in |    1| ap_ctrl_hs |    example   | return value |
|ap_done             | out |    1| ap_ctrl_hs |    example   | return value |
|ap_idle             | out |    1| ap_ctrl_hs |    example   | return value |
|ap_ready            | out |    1| ap_ctrl_hs |    example   | return value |
|in1_strm_V_dout     |  in |   32|   ap_fifo  |  in1_strm_V  |    pointer   |
|in1_strm_V_empty_n  |  in |    1|   ap_fifo  |  in1_strm_V  |    pointer   |
|in1_strm_V_read     | out |    1|   ap_fifo  |  in1_strm_V  |    pointer   |
|in2_strm_V_dout     |  in |   32|   ap_fifo  |  in2_strm_V  |    pointer   |
|in2_strm_V_empty_n  |  in |    1|   ap_fifo  |  in2_strm_V  |    pointer   |
|in2_strm_V_read     | out |    1|   ap_fifo  |  in2_strm_V  |    pointer   |
|out_strm_V_din      | out |   32|   ap_fifo  |  out_strm_V  |    pointer   |
|out_strm_V_full_n   |  in |    1|   ap_fifo  |  out_strm_V  |    pointer   |
|out_strm_V_write    | out |    1|   ap_fifo  |  out_strm_V  |    pointer   |
+--------------------+-----+-----+------------+--------------+--------------+

