

================================================================
== Vivado HLS Report for 'example'
================================================================
* Date:           Sat Dec 12 21:55:43 2020

* Version:        2019.2 (Build 2704478 on Wed Nov 06 22:10:23 MST 2019)
* Project:        proj_stable_content
* Solution:       solution1
* Product family: virtexuplus
* Target device:  xcvu9p-flga2104-2-i


================================================================
== Performance Estimates
================================================================
+ Timing: 
    * Summary: 
    +--------+----------+----------+------------+
    |  Clock |  Target  | Estimated| Uncertainty|
    +--------+----------+----------+------------+
    |ap_clk  | 13.33 ns | 3.512 ns |   1.67 ns  |
    +--------+----------+----------+------------+

+ Latency: 
    * Summary: 
    +---------+---------+----------+----------+-----+-----+---------+
    |  Latency (cycles) |  Latency (absolute) |  Interval | Pipeline|
    |   min   |   max   |    min   |    max   | min | max |   Type  |
    +---------+---------+----------+----------+-----+-----+---------+
    |       35|       35| 0.467 us | 0.467 us |   35|   35|   none  |
    +---------+---------+----------+----------+-----+-----+---------+

    + Detail: 
        * Instance: 
        +-------------------+---------+---------+---------+----------+----------+-----+-----+----------+
        |                   |         |  Latency (cycles) |  Latency (absolute) |  Interval | Pipeline |
        |      Instance     |  Module |   min   |   max   |    min   |    max   | min | max |   Type   |
        +-------------------+---------+---------+---------+----------+----------+-----+-----+----------+
        |grp_readmem_fu_99  |readmem  |       22|       22| 0.293 us | 0.293 us |   10|   10| dataflow |
        +-------------------+---------+---------+---------+----------+----------+-----+-----+----------+

        * Loop: 
        +----------+---------+---------+----------+-----------+-----------+------+----------+
        |          |  Latency (cycles) | Iteration|  Initiation Interval  | Trip |          |
        | Loop Name|   min   |   max   |  Latency |  achieved |   target  | Count| Pipelined|
        +----------+---------+---------+----------+-----------+-----------+------+----------+
        |- load    |       10|       10|         2|          1|          1|    10|    yes   |
        +----------+---------+---------+----------+-----------+-----------+------+----------+



================================================================
== Utilization Estimates
================================================================
* Summary: 
+---------------------+---------+-------+---------+---------+-----+
|         Name        | BRAM_18K| DSP48E|    FF   |   LUT   | URAM|
+---------------------+---------+-------+---------+---------+-----+
|DSP                  |        -|      -|        -|        -|    -|
|Expression           |        -|      -|        0|       27|    -|
|FIFO                 |        -|      -|        -|        -|    -|
|Instance             |        0|      -|      458|     1088|    -|
|Memory               |        2|      -|        0|        0|    0|
|Multiplexer          |        -|      -|        -|      126|    -|
|Register             |        -|      -|       18|        -|    -|
+---------------------+---------+-------+---------+---------+-----+
|Total                |        2|      0|      476|     1241|    0|
+---------------------+---------+-------+---------+---------+-----+
|Available SLR        |     1440|   2280|   788160|   394080|  320|
+---------------------+---------+-------+---------+---------+-----+
|Utilization SLR (%)  |    ~0   |      0|    ~0   |    ~0   |    0|
+---------------------+---------+-------+---------+---------+-----+
|Available            |     4320|   6840|  2364480|  1182240|  960|
+---------------------+---------+-------+---------+---------+-----+
|Utilization (%)      |    ~0   |      0|    ~0   |    ~0   |    0|
+---------------------+---------+-------+---------+---------+-----+

+ Detail: 
    * Instance: 
    +-------------------+---------+---------+-------+-----+------+-----+
    |      Instance     |  Module | BRAM_18K| DSP48E|  FF |  LUT | URAM|
    +-------------------+---------+---------+-------+-----+------+-----+
    |grp_readmem_fu_99  |readmem  |        0|      0|  458|  1088|    0|
    +-------------------+---------+---------+-------+-----+------+-----+
    |Total              |         |        0|      0|  458|  1088|    0|
    +-------------------+---------+---------+-------+-----+------+-----+

    * DSP48E: 
    N/A

    * Memory: 
    +-------+------------+---------+---+----+-----+------+-----+------+-------------+
    | Memory|   Module   | BRAM_18K| FF| LUT| URAM| Words| Bits| Banks| W*Bits*Banks|
    +-------+------------+---------+---+----+-----+------+-----+------+-------------+
    |tb_U   |example_tb  |        2|  0|   0|    0|    10|   32|     1|          320|
    +-------+------------+---------+---+----+-----+------+-----+------+-------------+
    |Total  |            |        2|  0|   0|    0|    10|   32|     1|          320|
    +-------+------------+---------+---+----+-----+------+-----+------+-------------+

    * FIFO: 
    N/A

    * Expression: 
    +------------------------------------+----------+-------+---+----+------------+------------+
    |            Variable Name           | Operation| DSP48E| FF| LUT| Bitwidth P0| Bitwidth P1|
    +------------------------------------+----------+-------+---+----+------------+------------+
    |i_fu_114_p2                         |     +    |      0|  0|   6|           4|           1|
    |ap_block_pp0_stage0_11001           |    and   |      0|  0|   2|           1|           1|
    |ap_block_state3_pp0_stage0_iter1    |    and   |      0|  0|   2|           1|           1|
    |icmp_ln69_fu_108_p2                 |   icmp   |      0|  0|   9|           4|           4|
    |ap_sync_grp_readmem_fu_99_ap_done   |    or    |      0|  0|   2|           1|           1|
    |ap_sync_grp_readmem_fu_99_ap_ready  |    or    |      0|  0|   2|           1|           1|
    |ap_enable_pp0                       |    xor   |      0|  0|   2|           1|           2|
    |ap_enable_reg_pp0_iter1             |    xor   |      0|  0|   2|           2|           1|
    +------------------------------------+----------+-------+---+----+------------+------------+
    |Total                               |          |      0|  0|  27|          15|          12|
    +------------------------------------+----------+-------+---+----+------------+------------+

    * Multiplexer: 
    +-------------------------------+----+-----------+-----+-----------+
    |              Name             | LUT| Input Size| Bits| Total Bits|
    +-------------------------------+----+-----------+-----+-----------+
    |ap_NS_fsm                      |  27|          5|    1|          5|
    |ap_enable_reg_pp0_iter1        |  15|          3|    1|          3|
    |ap_phi_mux_i_0_i_phi_fu_91_p4  |   9|          2|    4|          8|
    |i_0_i_reg_87                   |   9|          2|    4|          8|
    |in1_strm_V_blk_n               |   9|          2|    1|          2|
    |in2_strm_V_read                |   9|          2|    1|          2|
    |out_strm_V_write               |   9|          2|    1|          2|
    |tb_address1                    |  15|          3|    4|         12|
    |tb_ce0                         |   9|          2|    1|          2|
    |tb_ce1                         |  15|          3|    1|          3|
    +-------------------------------+----+-----------+-----+-----------+
    |Total                          | 126|         26|   19|         47|
    +-------------------------------+----+-----------+-----+-----------+

    * Register: 
    +----------------------------------------+---+----+-----+-----------+
    |                  Name                  | FF| LUT| Bits| Const Bits|
    +----------------------------------------+---+----+-----+-----------+
    |ap_CS_fsm                               |  4|   0|    4|          0|
    |ap_enable_reg_pp0_iter0                 |  1|   0|    1|          0|
    |ap_enable_reg_pp0_iter1                 |  1|   0|    1|          0|
    |ap_sync_reg_grp_readmem_fu_99_ap_done   |  1|   0|    1|          0|
    |ap_sync_reg_grp_readmem_fu_99_ap_ready  |  1|   0|    1|          0|
    |grp_readmem_fu_99_ap_start_reg          |  1|   0|    1|          0|
    |i_0_i_reg_87                            |  4|   0|    4|          0|
    |i_reg_129                               |  4|   0|    4|          0|
    |icmp_ln69_reg_125                       |  1|   0|    1|          0|
    +----------------------------------------+---+----+-----+-----------+
    |Total                                   | 18|   0|   18|          0|
    +----------------------------------------+---+----+-----+-----------+



================================================================
== Interface
================================================================
* Summary: 
+--------------------+-----+-----+------------+--------------+--------------+
|      RTL Ports     | Dir | Bits|  Protocol  | Source Object|    C Type    |
+--------------------+-----+-----+------------+--------------+--------------+
|ap_clk              |  in |    1| ap_ctrl_hs |    example   | return value |
|ap_rst              |  in |    1| ap_ctrl_hs |    example   | return value |
|ap_start            |  in |    1| ap_ctrl_hs |    example   | return value |
|ap_done             | out |    1| ap_ctrl_hs |    example   | return value |
|ap_idle             | out |    1| ap_ctrl_hs |    example   | return value |
|ap_ready            | out |    1| ap_ctrl_hs |    example   | return value |
|in1_strm_V_dout     |  in |   32|   ap_fifo  |  in1_strm_V  |    pointer   |
|in1_strm_V_empty_n  |  in |    1|   ap_fifo  |  in1_strm_V  |    pointer   |
|in1_strm_V_read     | out |    1|   ap_fifo  |  in1_strm_V  |    pointer   |
|in2_strm_V_dout     |  in |   32|   ap_fifo  |  in2_strm_V  |    pointer   |
|in2_strm_V_empty_n  |  in |    1|   ap_fifo  |  in2_strm_V  |    pointer   |
|in2_strm_V_read     | out |    1|   ap_fifo  |  in2_strm_V  |    pointer   |
|out_strm_V_din      | out |   32|   ap_fifo  |  out_strm_V  |    pointer   |
|out_strm_V_full_n   |  in |    1|   ap_fifo  |  out_strm_V  |    pointer   |
|out_strm_V_write    | out |    1|   ap_fifo  |  out_strm_V  |    pointer   |
+--------------------+-----+-----+------------+--------------+--------------+

